mode: set
rr/tries/prefixnode/prefixnode.go:11.26,20.2 2 1
rr/tries/prefixnode/prefixnode.go:23.30,25.2 1 1
rr/tries/prefixnode/prefixnode.go:28.40,32.11 2 1
rr/tries/prefixnode/prefixnode.go:35.2,35.14 1 1
rr/tries/prefixnode/prefixnode.go:32.11,34.3 1 1
rr/tries/prefixnode/prefixnode.go:39.42,41.28 1 1
rr/tries/prefixnode/prefixnode.go:45.2,47.13 2 1
rr/tries/prefixnode/prefixnode.go:41.28,43.3 1 1
rr/tries/prefixnode/prefixnode.go:51.41,52.22 1 1
rr/tries/prefixnode/prefixnode.go:56.2,56.12 1 1
rr/tries/prefixnode/prefixnode.go:52.22,54.3 1 1
rr/tries/prefixnode/prefixnode.go:60.44,62.2 1 1
rr/tries/prefixnode/prefixnode.go:65.36,67.2 1 1
rr/tries/prefixnode/prefixnode.go:70.35,72.2 1 1
